2014/01/20 22:37:11 process : tyrael
2014/01/20 22:37:11 aspect : cpu,mem
2014/01/20 22:37:11 PROCESS NAME: tyrael && PORT: -1
2014/01/20 22:37:11 PID : 21790 => PSINFO : 21790 root      20   0  200m 8720 2884 S  0.0  0.0   0:00.05 tyrael             
2014/01/20 22:37:11 CPU: 0.0
2014/01/20 22:37:11 MEM: 0.0
2014/01/20 22:37:11 KEY:tyrael:cpu:1390228616 => VALUE:0.0
2014/01/20 22:37:11 KEY:tyrael:mem:1390228616 => VALUE:0.0
2014/01/20 22:37:26 process : tyrael
2014/01/20 22:37:26 aspect : cpu,mem
2014/01/20 22:37:26 PROCESS NAME: tyrael && PORT: -1
2014/01/20 22:37:27 PID : 21790 => PSINFO : 21790 root      20   0  200m 8720 2884 S  0.0  0.0   0:00.05 tyrael             
2014/01/20 22:37:27 CPU: 0.0
2014/01/20 22:37:27 MEM: 0.0
2014/01/20 22:37:27 KEY:tyrael:cpu:1390228631 => VALUE:0.0
2014/01/20 22:37:27 KEY:tyrael:mem:1390228631 => VALUE:0.0
2014/01/20 22:37:42 process : tyrael
2014/01/20 22:37:42 aspect : cpu,mem
2014/01/20 22:37:42 PROCESS NAME: tyrael && PORT: -1
2014/01/20 22:37:42 PID : 21790 => PSINFO : 21790 root      20   0  200m 8732 2892 S  0.0  0.0   0:00.06 tyrael             
2014/01/20 22:37:42 CPU: 0.0
2014/01/20 22:37:42 MEM: 0.0
2014/01/20 22:37:42 KEY:tyrael:cpu:1390228647 => VALUE:0.0
2014/01/20 22:37:42 KEY:tyrael:mem:1390228647 => VALUE:0.0
2014/01/20 22:37:57 process : tyrael
2014/01/20 22:37:57 aspect : cpu,mem
2014/01/20 22:37:57 PROCESS NAME: tyrael && PORT: -1
2014/01/20 22:37:58 PID : 21790 => PSINFO : 21790 root      20   0  200m 8740 2892 S  0.0  0.0   0:00.06 tyrael             
2014/01/20 22:37:58 CPU: 0.0
2014/01/20 22:37:58 MEM: 0.0
2014/01/20 22:37:58 KEY:tyrael:cpu:1390228662 => VALUE:0.0
2014/01/20 22:37:58 KEY:tyrael:mem:1390228662 => VALUE:0.0
2014/01/20 22:38:13 process : tyrael
2014/01/20 22:38:13 aspect : cpu,mem
2014/01/20 22:38:13 PROCESS NAME: tyrael && PORT: -1
2014/01/20 22:38:13 PID : 21790 => PSINFO : 21790 root      20   0  200m 8744 2892 S  0.0  0.0   0:00.06 tyrael             
2014/01/20 22:38:13 CPU: 0.0
2014/01/20 22:38:13 MEM: 0.0
2014/01/20 22:38:13 KEY:tyrael:cpu:1390228678 => VALUE:0.0
2014/01/20 22:38:13 KEY:tyrael:mem:1390228678 => VALUE:0.0
2014/01/20 22:38:29 process : tyrael
2014/01/20 22:38:29 aspect : cpu,mem
2014/01/20 22:38:29 PROCESS NAME: tyrael && PORT: -1
2014/01/20 22:38:29 PID : 21790 => PSINFO : 21790 root      20   0  200m 8752 2892 S  0.0  0.0   0:00.06 tyrael             
2014/01/20 22:38:29 CPU: 0.0
2014/01/20 22:38:29 MEM: 0.0
2014/01/20 22:38:29 KEY:tyrael:cpu:1390228693 => VALUE:0.0
2014/01/20 22:38:29 KEY:tyrael:mem:1390228693 => VALUE:0.0
2014/01/20 22:38:44 process : tyrael
2014/01/20 22:38:44 aspect : cpu,mem
2014/01/20 22:38:44 PROCESS NAME: tyrael && PORT: -1
2014/01/20 22:38:45 PID : 21790 => PSINFO : 21790 root      20   0  200m 8764 2892 S  0.0  0.0   0:00.08 tyrael             
2014/01/20 22:38:45 CPU: 0.0
2014/01/20 22:38:45 MEM: 0.0
2014/01/20 22:38:45 KEY:tyrael:cpu:1390228709 => VALUE:0.0
2014/01/20 22:38:45 KEY:tyrael:mem:1390228709 => VALUE:0.0
2014/01/20 22:39:00 process : tyrael
2014/01/20 22:39:00 aspect : cpu,mem
2014/01/20 22:39:00 PROCESS NAME: tyrael && PORT: -1
2014/01/20 22:39:00 PID : 21790 => PSINFO : 21790 root      20   0  200m 8772 2892 S  0.0  0.0   0:00.08 tyrael             
2014/01/20 22:39:00 CPU: 0.0
2014/01/20 22:39:00 MEM: 0.0
2014/01/20 22:39:00 KEY:tyrael:cpu:1390228725 => VALUE:0.0
2014/01/20 22:39:00 KEY:tyrael:mem:1390228725 => VALUE:0.0
2014/01/20 22:39:15 process : tyrael
2014/01/20 22:39:15 aspect : cpu,mem
2014/01/20 22:39:15 PROCESS NAME: tyrael && PORT: -1
2014/01/20 22:39:16 PID : 21790 => PSINFO : 21790 root      20   0  200m 8780 2892 S  0.0  0.0   0:00.08 tyrael             
2014/01/20 22:39:16 CPU: 0.0
2014/01/20 22:39:16 MEM: 0.0
2014/01/20 22:39:16 KEY:tyrael:cpu:1390228740 => VALUE:0.0
2014/01/20 22:39:16 KEY:tyrael:mem:1390228740 => VALUE:0.0
2014/01/20 22:39:31 process : tyrael
2014/01/20 22:39:31 aspect : cpu,mem
2014/01/20 22:39:31 PROCESS NAME: tyrael && PORT: -1
2014/01/20 22:39:31 PID : 21790 => PSINFO : 21790 root      20   0  200m 8788 2892 S  0.0  0.0   0:00.09 tyrael             
2014/01/20 22:39:31 CPU: 0.0
2014/01/20 22:39:31 MEM: 0.0
2014/01/20 22:39:31 KEY:tyrael:cpu:1390228756 => VALUE:0.0
2014/01/20 22:39:31 KEY:tyrael:mem:1390228756 => VALUE:0.0
2014/01/20 22:39:46 process : tyrael
2014/01/20 22:39:46 aspect : cpu,mem
2014/01/20 22:39:46 PROCESS NAME: tyrael && PORT: -1
2014/01/20 22:39:47 PID : 21790 => PSINFO : 21790 root      20   0  200m 8792 2892 S  0.0  0.0   0:00.10 tyrael             
2014/01/20 22:39:47 CPU: 0.0
2014/01/20 22:39:47 MEM: 0.0
2014/01/20 22:39:47 KEY:tyrael:cpu:1390228771 => VALUE:0.0
2014/01/20 22:39:47 KEY:tyrael:mem:1390228771 => VALUE:0.0
